2025-09-29 19:26:18,518 - AEGIS-X.RealProfessional - INFO - 🔥 Real Professional System initialized
2025-09-29 19:26:18,518 - AEGIS-X.RealMaster - INFO - 🔥 AEGIS-X Real Master System v3.0 Real Professional initialized
2025-09-29 19:26:18,518 - AEGIS-X.RealMaster - INFO - 🎯 Success criteria: Multiple super-critical/exceptional vulnerabilities required
2025-09-29 19:26:18,518 - AEGIS-X.RealMaster - INFO - 🔥 AEGIS-X REAL PROFESSIONAL SYSTEM STARTING
2025-09-29 19:26:18,518 - AEGIS-X.RealMaster - INFO - ================================================================================
2025-09-29 19:26:18,518 - AEGIS-X.RealMaster - INFO - 🎯 Target: youngplatform.com
2025-09-29 19:26:18,518 - AEGIS-X.RealMaster - INFO - 🔄 Max iterations: 3
2025-09-29 19:26:18,518 - AEGIS-X.RealMaster - INFO - ✅ Success criteria: 3 high/critical vulnerabilities
2025-09-29 19:26:18,518 - AEGIS-X.RealMaster - INFO - ================================================================================
2025-09-29 19:26:18,574 - AEGIS-X.RealMaster - INFO - 🚀 Starting continuous hunting loop against youngplatform.com
2025-09-29 19:26:18,574 - AEGIS-X.RealMaster - INFO - 🎯 Will continue until finding MULTIPLE super-critical/exceptional vulnerabilities
2025-09-29 19:26:18,574 - AEGIS-X.RealMaster - INFO - 🔄 ITERATION 1/3
2025-09-29 19:26:18,574 - AEGIS-X.RealMaster - INFO - ================================================================================
2025-09-29 19:26:18,574 - AEGIS-X.RealProfessional - INFO - 🚀 Starting professional bug bounty campaign against youngplatform.com
2025-09-29 19:26:18,574 - AEGIS-X.RealProfessional - INFO - 🛠️ Phase 1: Installing security tools
2025-09-29 19:26:18,574 - AEGIS-X.RealProfessional - INFO - 🛠️ Installing professional security tools...
2025-09-29 19:26:18,575 - AEGIS-X.RealProfessional - INFO - 📦 Installing nmap...
2025-09-29 19:26:22,730 - AEGIS-X.RealProfessional - INFO - ✅ nmap installed successfully
2025-09-29 19:26:22,731 - AEGIS-X.RealProfessional - INFO - 📦 Installing nuclei...
2025-09-29 19:26:22,731 - AEGIS-X.RealProfessional - ERROR - ❌ nuclei installation failed: /bin/sh: 1: go: not found

2025-09-29 19:26:22,732 - AEGIS-X.RealProfessional - INFO - 📦 Installing sqlmap...
2025-09-29 19:26:25,922 - AEGIS-X.RealProfessional - INFO - ✅ sqlmap installed successfully
2025-09-29 19:26:25,922 - AEGIS-X.RealProfessional - INFO - 📦 Installing gobuster...
2025-09-29 19:26:28,173 - AEGIS-X.RealProfessional - INFO - ✅ gobuster installed successfully
2025-09-29 19:26:28,174 - AEGIS-X.RealProfessional - INFO - 📦 Installing ffuf...
2025-09-29 19:26:28,175 - AEGIS-X.RealProfessional - ERROR - ❌ ffuf installation failed: /bin/sh: 1: go: not found

2025-09-29 19:26:28,175 - AEGIS-X.RealProfessional - INFO - 📦 Installing subfinder...
2025-09-29 19:26:28,176 - AEGIS-X.RealProfessional - ERROR - ❌ subfinder installation failed: /bin/sh: 1: go: not found

2025-09-29 19:26:28,254 - AEGIS-X.RealProfessional - INFO - 📦 Installing httpx...
2025-09-29 19:26:28,255 - AEGIS-X.RealProfessional - ERROR - ❌ httpx installation failed: /bin/sh: 1: go: not found

2025-09-29 19:26:28,256 - AEGIS-X.RealProfessional - INFO - 📦 Installing katana...
2025-09-29 19:26:28,257 - AEGIS-X.RealProfessional - ERROR - ❌ katana installation failed: /bin/sh: 1: go: not found

2025-09-29 19:26:28,257 - AEGIS-X.RealProfessional - INFO - 🛠️ Tool installation complete: 3 installed, 5 failed
2025-09-29 19:26:28,257 - AEGIS-X.RealProfessional - ERROR - ❌ Insufficient tools installed for professional testing
2025-09-29 19:26:28,257 - AEGIS-X.RealProfessional - ERROR - ❌ Failed to install required security tools
2025-09-29 19:26:28,257 - AEGIS-X.RealMaster - INFO - 📊 ITERATION 1 RESULTS:
2025-09-29 19:26:28,257 - AEGIS-X.RealMaster - INFO -    🔍 This iteration: 0 vulnerabilities
2025-09-29 19:26:28,257 - AEGIS-X.RealMaster - INFO -    📈 Total so far: 0 vulnerabilities
2025-09-29 19:26:28,257 - AEGIS-X.RealMaster - INFO -    🚨 Critical: 0
2025-09-29 19:26:28,257 - AEGIS-X.RealMaster - INFO -    ⚠️  High: 0
2025-09-29 19:26:28,257 - AEGIS-X.RealMaster - INFO -    📊 Medium: 0
2025-09-29 19:26:28,257 - AEGIS-X.RealMaster - INFO - ❌ Success criteria not met yet
2025-09-29 19:26:28,257 - AEGIS-X.RealMaster - INFO -    Need: 3 high/critical total
2025-09-29 19:26:28,257 - AEGIS-X.RealMaster - INFO -    Have: 0
2025-09-29 19:26:28,257 - AEGIS-X.RealMaster - INFO - 🔄 Continuing to next iteration...
2025-09-29 19:27:28,310 - AEGIS-X.RealMaster - INFO - 🔄 ITERATION 2/3
2025-09-29 19:27:28,310 - AEGIS-X.RealMaster - INFO - ================================================================================
2025-09-29 19:27:28,310 - AEGIS-X.RealProfessional - INFO - 🚀 Starting professional bug bounty campaign against youngplatform.com
2025-09-29 19:27:28,310 - AEGIS-X.RealProfessional - INFO - 🛠️ Phase 1: Installing security tools
2025-09-29 19:27:28,310 - AEGIS-X.RealProfessional - INFO - 🛠️ Installing professional security tools...
2025-09-29 19:27:28,316 - AEGIS-X.RealProfessional - INFO - ✅ nmap already installed
2025-09-29 19:27:28,316 - AEGIS-X.RealProfessional - INFO - 📦 Installing nuclei...
2025-09-29 19:27:28,317 - AEGIS-X.RealProfessional - ERROR - ❌ nuclei installation failed: /bin/sh: 1: go: not found

2025-09-29 19:27:28,437 - AEGIS-X.RealProfessional - INFO - ✅ sqlmap already installed
2025-09-29 19:27:28,441 - AEGIS-X.RealProfessional - INFO - ✅ gobuster already installed
2025-09-29 19:27:28,442 - AEGIS-X.RealProfessional - INFO - 📦 Installing ffuf...
2025-09-29 19:27:28,443 - AEGIS-X.RealProfessional - ERROR - ❌ ffuf installation failed: /bin/sh: 1: go: not found

2025-09-29 19:27:28,443 - AEGIS-X.RealProfessional - INFO - 📦 Installing subfinder...
2025-09-29 19:27:28,444 - AEGIS-X.RealProfessional - ERROR - ❌ subfinder installation failed: /bin/sh: 1: go: not found

2025-09-29 19:27:28,522 - AEGIS-X.RealProfessional - INFO - 📦 Installing httpx...
2025-09-29 19:27:28,523 - AEGIS-X.RealProfessional - ERROR - ❌ httpx installation failed: /bin/sh: 1: go: not found

2025-09-29 19:27:28,523 - AEGIS-X.RealProfessional - INFO - 📦 Installing katana...
2025-09-29 19:27:28,524 - AEGIS-X.RealProfessional - ERROR - ❌ katana installation failed: /bin/sh: 1: go: not found

2025-09-29 19:27:28,524 - AEGIS-X.RealProfessional - INFO - 🛠️ Tool installation complete: 3 installed, 5 failed
2025-09-29 19:27:28,524 - AEGIS-X.RealProfessional - ERROR - ❌ Insufficient tools installed for professional testing
2025-09-29 19:27:28,524 - AEGIS-X.RealProfessional - ERROR - ❌ Failed to install required security tools
2025-09-29 19:27:28,524 - AEGIS-X.RealMaster - INFO - 📊 ITERATION 2 RESULTS:
2025-09-29 19:27:28,524 - AEGIS-X.RealMaster - INFO -    🔍 This iteration: 0 vulnerabilities
2025-09-29 19:27:28,524 - AEGIS-X.RealMaster - INFO -    📈 Total so far: 0 vulnerabilities
2025-09-29 19:27:28,524 - AEGIS-X.RealMaster - INFO -    🚨 Critical: 0
2025-09-29 19:27:28,524 - AEGIS-X.RealMaster - INFO -    ⚠️  High: 0
2025-09-29 19:27:28,524 - AEGIS-X.RealMaster - INFO -    📊 Medium: 0
2025-09-29 19:27:28,524 - AEGIS-X.RealMaster - INFO - ❌ Success criteria not met yet
2025-09-29 19:27:28,524 - AEGIS-X.RealMaster - INFO -    Need: 3 high/critical total
2025-09-29 19:27:28,524 - AEGIS-X.RealMaster - INFO -    Have: 0
2025-09-29 19:27:28,524 - AEGIS-X.RealMaster - INFO - 🔄 Continuing to next iteration...
2025-09-29 19:28:28,559 - AEGIS-X.RealMaster - INFO - 🔄 ITERATION 3/3
2025-09-29 19:28:28,559 - AEGIS-X.RealMaster - INFO - ================================================================================
2025-09-29 19:28:28,559 - AEGIS-X.RealProfessional - INFO - 🚀 Starting professional bug bounty campaign against youngplatform.com
2025-09-29 19:28:28,559 - AEGIS-X.RealProfessional - INFO - 🛠️ Phase 1: Installing security tools
2025-09-29 19:28:28,559 - AEGIS-X.RealProfessional - INFO - 🛠️ Installing professional security tools...
2025-09-29 19:28:28,564 - AEGIS-X.RealProfessional - INFO - ✅ nmap already installed
2025-09-29 19:28:28,565 - AEGIS-X.RealProfessional - INFO - 📦 Installing nuclei...
2025-09-29 19:28:28,565 - AEGIS-X.RealProfessional - ERROR - ❌ nuclei installation failed: /bin/sh: 1: go: not found

2025-09-29 19:28:28,696 - AEGIS-X.RealProfessional - INFO - ✅ sqlmap already installed
2025-09-29 19:28:28,700 - AEGIS-X.RealProfessional - INFO - ✅ gobuster already installed
2025-09-29 19:28:28,700 - AEGIS-X.RealProfessional - INFO - 📦 Installing ffuf...
2025-09-29 19:28:28,701 - AEGIS-X.RealProfessional - ERROR - ❌ ffuf installation failed: /bin/sh: 1: go: not found

2025-09-29 19:28:28,702 - AEGIS-X.RealProfessional - INFO - 📦 Installing subfinder...
2025-09-29 19:28:28,703 - AEGIS-X.RealProfessional - ERROR - ❌ subfinder installation failed: /bin/sh: 1: go: not found

2025-09-29 19:28:28,780 - AEGIS-X.RealProfessional - INFO - 📦 Installing httpx...
2025-09-29 19:28:28,782 - AEGIS-X.RealProfessional - ERROR - ❌ httpx installation failed: /bin/sh: 1: go: not found

2025-09-29 19:28:28,782 - AEGIS-X.RealProfessional - INFO - 📦 Installing katana...
2025-09-29 19:28:28,783 - AEGIS-X.RealProfessional - ERROR - ❌ katana installation failed: /bin/sh: 1: go: not found

2025-09-29 19:28:28,783 - AEGIS-X.RealProfessional - INFO - 🛠️ Tool installation complete: 3 installed, 5 failed
2025-09-29 19:28:28,783 - AEGIS-X.RealProfessional - ERROR - ❌ Insufficient tools installed for professional testing
2025-09-29 19:28:28,783 - AEGIS-X.RealProfessional - ERROR - ❌ Failed to install required security tools
2025-09-29 19:28:28,783 - AEGIS-X.RealMaster - INFO - 📊 ITERATION 3 RESULTS:
2025-09-29 19:28:28,783 - AEGIS-X.RealMaster - INFO -    🔍 This iteration: 0 vulnerabilities
2025-09-29 19:28:28,783 - AEGIS-X.RealMaster - INFO -    📈 Total so far: 0 vulnerabilities
2025-09-29 19:28:28,783 - AEGIS-X.RealMaster - INFO -    🚨 Critical: 0
2025-09-29 19:28:28,783 - AEGIS-X.RealMaster - INFO -    ⚠️  High: 0
2025-09-29 19:28:28,783 - AEGIS-X.RealMaster - INFO -    📊 Medium: 0
2025-09-29 19:28:28,783 - AEGIS-X.RealMaster - INFO - ❌ Success criteria not met yet
2025-09-29 19:28:28,783 - AEGIS-X.RealMaster - INFO -    Need: 3 high/critical total
2025-09-29 19:28:28,783 - AEGIS-X.RealMaster - INFO -    Have: 0
2025-09-29 19:28:28,783 - AEGIS-X.RealMaster - INFO - 🔄 Continuing to next iteration...
2025-09-29 19:29:28,843 - AEGIS-X.RealMaster - WARNING - ⚠️ Maximum iterations (3) reached without meeting success criteria
2025-09-29 19:29:28,844 - AEGIS-X.RealMaster - INFO - 📝 Generating comprehensive final report...
2025-09-29 19:29:28,844 - AEGIS-X.RealMaster - INFO - 💾 Final report saved: output/final_report_youngplatform.com_1759174168.json
2025-09-29 19:29:28,844 - AEGIS-X.RealMaster - WARNING - ❌ CAMPAIGN INCOMPLETE - Success criteria not met
2025-09-29 19:32:37,210 - AEGIS-X.RealProfessional - INFO - 🔥 Real Professional System initialized
2025-09-29 19:32:37,210 - AEGIS-X.RealMaster - INFO - 🔥 AEGIS-X Real Master System v3.0 Real Professional initialized
2025-09-29 19:32:37,210 - AEGIS-X.RealMaster - INFO - 🎯 Success criteria: Multiple super-critical/exceptional vulnerabilities required
2025-09-29 19:32:37,210 - AEGIS-X.RealMaster - INFO - 🔥 AEGIS-X REAL PROFESSIONAL SYSTEM STARTING
2025-09-29 19:32:37,210 - AEGIS-X.RealMaster - INFO - ================================================================================
2025-09-29 19:32:37,210 - AEGIS-X.RealMaster - INFO - 🎯 Target: youngplatform.com
2025-09-29 19:32:37,210 - AEGIS-X.RealMaster - INFO - 🔄 Max iterations: 2
2025-09-29 19:32:37,210 - AEGIS-X.RealMaster - INFO - ✅ Success criteria: 2 high/critical vulnerabilities
2025-09-29 19:32:37,210 - AEGIS-X.RealMaster - INFO - ================================================================================
2025-09-29 19:32:37,268 - AEGIS-X.RealMaster - INFO - 🚀 Starting continuous hunting loop against youngplatform.com
2025-09-29 19:32:37,268 - AEGIS-X.RealMaster - INFO - 🎯 Will continue until finding MULTIPLE super-critical/exceptional vulnerabilities
2025-09-29 19:32:37,268 - AEGIS-X.RealMaster - INFO - 🔄 ITERATION 1/2
2025-09-29 19:32:37,268 - AEGIS-X.RealMaster - INFO - ================================================================================
2025-09-29 19:32:37,269 - AEGIS-X.RealProfessional - INFO - 🚀 Starting professional bug bounty campaign against youngplatform.com
2025-09-29 19:32:37,269 - AEGIS-X.RealProfessional - INFO - 🛠️ Phase 1: Installing security tools
2025-09-29 19:32:37,269 - AEGIS-X.RealProfessional - INFO - 🛠️ Installing professional security tools...
2025-09-29 19:32:37,276 - AEGIS-X.RealProfessional - INFO - ✅ nmap already installed
2025-09-29 19:32:37,276 - AEGIS-X.RealProfessional - INFO - 📦 Installing nuclei...
2025-09-29 19:32:37,961 - AEGIS-X.RealProfessional - ERROR - ❌ nuclei installation failed: go: downloading github.com/projectdiscovery/nuclei/v3 v3.4.10
go: downloading github.com/projectdiscovery/nuclei v1.1.7
go: github.com/projectdiscovery/nuclei/v3/cmd/nuclei@latest (in github.com/projectdiscovery/nuclei/v3@v3.4.10): go.mod:3: invalid go version '1.24.1': must match format 1.23

2025-09-29 19:32:38,081 - AEGIS-X.RealProfessional - INFO - ✅ sqlmap already installed
2025-09-29 19:32:38,085 - AEGIS-X.RealProfessional - INFO - ✅ gobuster already installed
2025-09-29 19:32:38,085 - AEGIS-X.RealProfessional - INFO - 📦 Installing ffuf...
2025-09-29 19:32:39,210 - AEGIS-X.RealProfessional - ERROR - ❌ ffuf installation error: [Errno 2] No such file or directory: 'ffuf'
2025-09-29 19:32:39,211 - AEGIS-X.RealProfessional - INFO - 📦 Installing subfinder...
2025-09-29 19:32:40,322 - AEGIS-X.RealProfessional - ERROR - ❌ subfinder installation failed: go: downloading github.com/projectdiscovery/subfinder/v2 v2.9.0
go: downloading github.com/projectdiscovery/subfinder v2.8.0+incompatible
go: github.com/projectdiscovery/subfinder/v2/cmd/subfinder@latest (in github.com/projectdiscovery/subfinder/v2@v2.9.0): go.mod:3: invalid go version '1.24.0': must match format 1.23
go.mod:5: unknown directive: toolchain

2025-09-29 19:32:40,400 - AEGIS-X.RealProfessional - INFO - 📦 Installing httpx...
2025-09-29 19:32:40,603 - AEGIS-X.RealProfessional - ERROR - ❌ httpx installation failed: go: downloading github.com/projectdiscovery/httpx v1.7.1
go: github.com/projectdiscovery/httpx/cmd/httpx@latest (in github.com/projectdiscovery/httpx@v1.7.1): go.mod:3: invalid go version '1.24.0': must match format 1.23
go.mod:5: unknown directive: toolchain

2025-09-29 19:32:40,604 - AEGIS-X.RealProfessional - INFO - 📦 Installing katana...
2025-09-29 19:32:40,729 - AEGIS-X.RealProfessional - ERROR - ❌ katana installation failed: go: downloading github.com/projectdiscovery/katana v1.2.2
go: github.com/projectdiscovery/katana/cmd/katana@latest (in github.com/projectdiscovery/katana@v1.2.2): go.mod:3: invalid go version '1.24.0': must match format 1.23
go.mod:5: unknown directive: toolchain

2025-09-29 19:32:40,729 - AEGIS-X.RealProfessional - INFO - 🛠️ Tool installation complete: 3 installed, 5 failed
2025-09-29 19:32:40,729 - AEGIS-X.RealProfessional - ERROR - ❌ Insufficient tools installed for professional testing
2025-09-29 19:32:40,729 - AEGIS-X.RealProfessional - ERROR - ❌ Failed to install required security tools
2025-09-29 19:32:40,729 - AEGIS-X.RealMaster - INFO - 📊 ITERATION 1 RESULTS:
2025-09-29 19:32:40,729 - AEGIS-X.RealMaster - INFO -    🔍 This iteration: 0 vulnerabilities
2025-09-29 19:32:40,729 - AEGIS-X.RealMaster - INFO -    📈 Total so far: 0 vulnerabilities
2025-09-29 19:32:40,729 - AEGIS-X.RealMaster - INFO -    🚨 Critical: 0
2025-09-29 19:32:40,729 - AEGIS-X.RealMaster - INFO -    ⚠️  High: 0
2025-09-29 19:32:40,729 - AEGIS-X.RealMaster - INFO -    📊 Medium: 0
2025-09-29 19:32:40,729 - AEGIS-X.RealMaster - INFO - ❌ Success criteria not met yet
2025-09-29 19:32:40,729 - AEGIS-X.RealMaster - INFO -    Need: 2 high/critical total
2025-09-29 19:32:40,729 - AEGIS-X.RealMaster - INFO -    Have: 0
2025-09-29 19:32:40,729 - AEGIS-X.RealMaster - INFO - 🔄 Continuing to next iteration...
2025-09-29 19:33:40,789 - AEGIS-X.RealMaster - INFO - 🔄 ITERATION 2/2
2025-09-29 19:33:40,789 - AEGIS-X.RealMaster - INFO - ================================================================================
2025-09-29 19:33:40,789 - AEGIS-X.RealProfessional - INFO - 🚀 Starting professional bug bounty campaign against youngplatform.com
2025-09-29 19:33:40,789 - AEGIS-X.RealProfessional - INFO - 🛠️ Phase 1: Installing security tools
2025-09-29 19:33:40,789 - AEGIS-X.RealProfessional - INFO - 🛠️ Installing professional security tools...
2025-09-29 19:33:40,795 - AEGIS-X.RealProfessional - INFO - ✅ nmap already installed
2025-09-29 19:33:40,795 - AEGIS-X.RealProfessional - INFO - 📦 Installing nuclei...
2025-09-29 19:33:40,861 - AEGIS-X.RealProfessional - ERROR - ❌ nuclei installation failed: go: github.com/projectdiscovery/nuclei/v3/cmd/nuclei@latest (in github.com/projectdiscovery/nuclei/v3@v3.4.10): go.mod:3: invalid go version '1.24.1': must match format 1.23

2025-09-29 19:33:40,981 - AEGIS-X.RealProfessional - INFO - ✅ sqlmap already installed
2025-09-29 19:33:40,985 - AEGIS-X.RealProfessional - INFO - ✅ gobuster already installed
2025-09-29 19:33:40,986 - AEGIS-X.RealProfessional - INFO - 📦 Installing ffuf...
2025-09-29 19:33:41,110 - AEGIS-X.RealProfessional - ERROR - ❌ ffuf installation error: [Errno 2] No such file or directory: 'ffuf'
2025-09-29 19:33:41,111 - AEGIS-X.RealProfessional - INFO - 📦 Installing subfinder...
2025-09-29 19:33:41,158 - AEGIS-X.RealProfessional - ERROR - ❌ subfinder installation failed: go: github.com/projectdiscovery/subfinder/v2/cmd/subfinder@latest (in github.com/projectdiscovery/subfinder/v2@v2.9.0): go.mod:3: invalid go version '1.24.0': must match format 1.23
go.mod:5: unknown directive: toolchain

2025-09-29 19:33:41,236 - AEGIS-X.RealProfessional - INFO - 📦 Installing httpx...
2025-09-29 19:33:41,280 - AEGIS-X.RealProfessional - ERROR - ❌ httpx installation failed: go: github.com/projectdiscovery/httpx/cmd/httpx@latest (in github.com/projectdiscovery/httpx@v1.7.1): go.mod:3: invalid go version '1.24.0': must match format 1.23
go.mod:5: unknown directive: toolchain

2025-09-29 19:33:41,281 - AEGIS-X.RealProfessional - INFO - 📦 Installing katana...
2025-09-29 19:33:41,330 - AEGIS-X.RealProfessional - ERROR - ❌ katana installation failed: go: github.com/projectdiscovery/katana/cmd/katana@latest (in github.com/projectdiscovery/katana@v1.2.2): go.mod:3: invalid go version '1.24.0': must match format 1.23
go.mod:5: unknown directive: toolchain

2025-09-29 19:33:41,331 - AEGIS-X.RealProfessional - INFO - 🛠️ Tool installation complete: 3 installed, 5 failed
2025-09-29 19:33:41,331 - AEGIS-X.RealProfessional - ERROR - ❌ Insufficient tools installed for professional testing
2025-09-29 19:33:41,331 - AEGIS-X.RealProfessional - ERROR - ❌ Failed to install required security tools
2025-09-29 19:33:41,331 - AEGIS-X.RealMaster - INFO - 📊 ITERATION 2 RESULTS:
2025-09-29 19:33:41,331 - AEGIS-X.RealMaster - INFO -    🔍 This iteration: 0 vulnerabilities
2025-09-29 19:33:41,331 - AEGIS-X.RealMaster - INFO -    📈 Total so far: 0 vulnerabilities
2025-09-29 19:33:41,331 - AEGIS-X.RealMaster - INFO -    🚨 Critical: 0
2025-09-29 19:33:41,331 - AEGIS-X.RealMaster - INFO -    ⚠️  High: 0
2025-09-29 19:33:41,331 - AEGIS-X.RealMaster - INFO -    📊 Medium: 0
2025-09-29 19:33:41,331 - AEGIS-X.RealMaster - INFO - ❌ Success criteria not met yet
2025-09-29 19:33:41,331 - AEGIS-X.RealMaster - INFO -    Need: 2 high/critical total
2025-09-29 19:33:41,331 - AEGIS-X.RealMaster - INFO -    Have: 0
2025-09-29 19:33:41,331 - AEGIS-X.RealMaster - INFO - 🔄 Continuing to next iteration...
2025-09-29 19:34:41,373 - AEGIS-X.RealMaster - WARNING - ⚠️ Maximum iterations (2) reached without meeting success criteria
2025-09-29 19:34:41,374 - AEGIS-X.RealMaster - INFO - 📝 Generating comprehensive final report...
2025-09-29 19:34:41,374 - AEGIS-X.RealMaster - INFO - 💾 Final report saved: output/final_report_youngplatform.com_1759174481.json
2025-09-29 19:34:41,374 - AEGIS-X.RealMaster - WARNING - ❌ CAMPAIGN INCOMPLETE - Success criteria not met
2025-09-29 19:34:56,737 - AEGIS-X.RealProfessional - INFO - 🔥 Real Professional System initialized
2025-09-29 19:34:56,737 - AEGIS-X.RealMaster - INFO - 🔥 AEGIS-X Real Master System v3.0 Real Professional initialized
2025-09-29 19:34:56,738 - AEGIS-X.RealMaster - INFO - 🎯 Success criteria: Multiple super-critical/exceptional vulnerabilities required
2025-09-29 19:34:56,738 - AEGIS-X.RealMaster - INFO - 🔥 AEGIS-X REAL PROFESSIONAL SYSTEM STARTING
2025-09-29 19:34:56,738 - AEGIS-X.RealMaster - INFO - ================================================================================
2025-09-29 19:34:56,738 - AEGIS-X.RealMaster - INFO - 🎯 Target: youngplatform.com
2025-09-29 19:34:56,738 - AEGIS-X.RealMaster - INFO - 🔄 Max iterations: 1
2025-09-29 19:34:56,738 - AEGIS-X.RealMaster - INFO - ✅ Success criteria: 1 high/critical vulnerabilities
2025-09-29 19:34:56,738 - AEGIS-X.RealMaster - INFO - ================================================================================
2025-09-29 19:34:56,798 - AEGIS-X.RealMaster - INFO - 🚀 Starting continuous hunting loop against youngplatform.com
2025-09-29 19:34:56,798 - AEGIS-X.RealMaster - INFO - 🎯 Will continue until finding MULTIPLE super-critical/exceptional vulnerabilities
2025-09-29 19:34:56,799 - AEGIS-X.RealMaster - INFO - 🔄 ITERATION 1/1
2025-09-29 19:34:56,799 - AEGIS-X.RealMaster - INFO - ================================================================================
2025-09-29 19:34:56,799 - AEGIS-X.RealProfessional - INFO - 🚀 Starting professional bug bounty campaign against youngplatform.com
2025-09-29 19:34:56,799 - AEGIS-X.RealProfessional - INFO - 🛠️ Phase 1: Installing security tools
2025-09-29 19:34:56,799 - AEGIS-X.RealProfessional - INFO - 🛠️ Installing professional security tools...
2025-09-29 19:34:56,804 - AEGIS-X.RealProfessional - INFO - ✅ nmap already installed
2025-09-29 19:34:56,804 - AEGIS-X.RealProfessional - INFO - 📦 Installing nuclei...
2025-09-29 19:34:56,876 - AEGIS-X.RealProfessional - ERROR - ❌ nuclei installation failed: go: github.com/projectdiscovery/nuclei/v3/cmd/nuclei@latest (in github.com/projectdiscovery/nuclei/v3@v3.4.10): go.mod:3: invalid go version '1.24.1': must match format 1.23

2025-09-29 19:34:56,996 - AEGIS-X.RealProfessional - INFO - ✅ sqlmap already installed
2025-09-29 19:34:57,001 - AEGIS-X.RealProfessional - INFO - ✅ gobuster already installed
2025-09-29 19:34:57,001 - AEGIS-X.RealProfessional - INFO - 📦 Installing ffuf...
2025-09-29 19:34:57,129 - AEGIS-X.RealProfessional - ERROR - ❌ ffuf installation error: [Errno 2] No such file or directory: 'ffuf'
2025-09-29 19:34:57,130 - AEGIS-X.RealProfessional - INFO - 📦 Installing subfinder...
2025-09-29 19:34:57,185 - AEGIS-X.RealProfessional - ERROR - ❌ subfinder installation failed: go: github.com/projectdiscovery/subfinder/v2/cmd/subfinder@latest (in github.com/projectdiscovery/subfinder/v2@v2.9.0): go.mod:3: invalid go version '1.24.0': must match format 1.23
go.mod:5: unknown directive: toolchain

2025-09-29 19:34:57,264 - AEGIS-X.RealProfessional - INFO - 📦 Installing httpx...
2025-09-29 19:34:57,306 - AEGIS-X.RealProfessional - ERROR - ❌ httpx installation failed: go: github.com/projectdiscovery/httpx/cmd/httpx@latest (in github.com/projectdiscovery/httpx@v1.7.1): go.mod:3: invalid go version '1.24.0': must match format 1.23
go.mod:5: unknown directive: toolchain

2025-09-29 19:34:57,306 - AEGIS-X.RealProfessional - INFO - 📦 Installing katana...
2025-09-29 19:34:57,352 - AEGIS-X.RealProfessional - ERROR - ❌ katana installation failed: go: github.com/projectdiscovery/katana/cmd/katana@latest (in github.com/projectdiscovery/katana@v1.2.2): go.mod:3: invalid go version '1.24.0': must match format 1.23
go.mod:5: unknown directive: toolchain

2025-09-29 19:34:57,352 - AEGIS-X.RealProfessional - INFO - 🛠️ Tool installation complete: 3 installed, 5 failed
2025-09-29 19:34:57,352 - AEGIS-X.RealProfessional - INFO - ✅ Proceeding with 3 available tools
2025-09-29 19:34:57,352 - AEGIS-X.RealProfessional - INFO - 🔍 Phase 2: Comprehensive reconnaissance
2025-09-29 19:34:57,352 - AEGIS-X.RealProfessional - INFO - 🔍 Starting comprehensive reconnaissance on youngplatform.com
2025-09-29 19:34:57,352 - AEGIS-X.RealProfessional - INFO - 🌐 Phase 1: Subdomain enumeration
2025-09-29 19:34:57,352 - AEGIS-X.RealProfessional - WARNING - Subfinder failed: [Errno 2] No such file or directory: 'subfinder'
2025-09-29 19:34:58,435 - AEGIS-X.RealProfessional - INFO - 🔍 Phase 2: Port scanning
2025-09-29 19:36:24,396 - AEGIS-X.RealProfessional - INFO - 🔧 Phase 3: Service detection
2025-09-29 19:36:24,493 - AEGIS-X.RealProfessional - INFO - 🔬 Phase 4: Technology fingerprinting
2025-09-29 19:36:24,723 - AEGIS-X.RealProfessional - INFO - 📁 Phase 5: Directory bruteforcing
2025-09-29 19:36:24,822 - AEGIS-X.RealProfessional - INFO - 🔍 Phase 6: Parameter discovery
2025-09-29 19:36:36,881 - AEGIS-X.RealProfessional - INFO - 🌐 Phase 7: Endpoint enumeration
2025-09-29 19:36:37,084 - AEGIS-X.RealProfessional - INFO - ✅ Reconnaissance complete: 5 subdomains, 4 ports, 0 directories
2025-09-29 19:36:37,084 - AEGIS-X.RealProfessional - INFO - 🎯 Phase 3: Advanced vulnerability discovery
2025-09-29 19:36:37,085 - AEGIS-X.RealProfessional - INFO - 🎯 Starting advanced vulnerability discovery on youngplatform.com
2025-09-29 19:36:37,085 - AEGIS-X.RealProfessional - INFO - 🤖 Phase 1: Automated vulnerability scanning
2025-09-29 19:36:37,085 - AEGIS-X.RealProfessional - INFO - 🔍 Running nmap vulnerability scan on youngplatform.com
2025-09-29 19:42:52,514 - AEGIS-X.RealProfessional - INFO - 🔍 Running sqlmap SQL injection scan on youngplatform.com
2025-09-29 19:47:30,069 - AEGIS-X.RealProfessional - INFO - 🔍 Phase 2: Manual vulnerability testing
2025-09-29 19:47:30,069 - AEGIS-X.RealProfessional - ERROR - ❌ Campaign failed: 'RealProfessionalSystem' object has no attribute '_test_lfi'
2025-09-29 19:47:30,071 - AEGIS-X.RealProfessional - ERROR - Traceback (most recent call last):
  File "/workspace/project/Napa/core/real_professional_system.py", line 1059, in run_professional_campaign
    vulnerabilities = await self.advanced_vulnerability_discovery(target, recon_data)
                      ^^^^^^^^^^^^^^^^^^^^^^^^^^^^^^^^^^^^^^^^^^^^^^^^^^^^^^^^^^^^^^^
  File "/workspace/project/Napa/core/real_professional_system.py", line 588, in advanced_vulnerability_discovery
    manual_vulns = await self._manual_testing(target, recon_data)
                   ^^^^^^^^^^^^^^^^^^^^^^^^^^^^^^^^^^^^^^^^^^^^^^
  File "/workspace/project/Napa/core/real_professional_system.py", line 738, in _manual_testing
    lfi_vulns = await self._test_lfi(target, recon_data.get('parameters', []))
                      ^^^^^^^^^^^^^^
AttributeError: 'RealProfessionalSystem' object has no attribute '_test_lfi'. Did you mean: '_test_xss'?

2025-09-29 19:47:30,071 - AEGIS-X.RealMaster - INFO - 📊 ITERATION 1 RESULTS:
2025-09-29 19:47:30,071 - AEGIS-X.RealMaster - INFO -    🔍 This iteration: 0 vulnerabilities
2025-09-29 19:47:30,071 - AEGIS-X.RealMaster - INFO -    📈 Total so far: 0 vulnerabilities
2025-09-29 19:47:30,071 - AEGIS-X.RealMaster - INFO -    🚨 Critical: 0
2025-09-29 19:47:30,071 - AEGIS-X.RealMaster - INFO -    ⚠️  High: 0
2025-09-29 19:47:30,071 - AEGIS-X.RealMaster - INFO -    📊 Medium: 0
2025-09-29 19:47:30,071 - AEGIS-X.RealMaster - INFO - ❌ Success criteria not met yet
2025-09-29 19:47:30,071 - AEGIS-X.RealMaster - INFO -    Need: 1 high/critical total
2025-09-29 19:47:30,071 - AEGIS-X.RealMaster - INFO -    Have: 0
2025-09-29 19:47:30,071 - AEGIS-X.RealMaster - INFO - 🔄 Continuing to next iteration...
2025-09-29 19:48:30,131 - AEGIS-X.RealMaster - WARNING - ⚠️ Maximum iterations (1) reached without meeting success criteria
2025-09-29 19:48:30,131 - AEGIS-X.RealMaster - INFO - 📝 Generating comprehensive final report...
2025-09-29 19:48:30,132 - AEGIS-X.RealMaster - INFO - 💾 Final report saved: output/final_report_youngplatform.com_1759175310.json
2025-09-29 19:48:30,132 - AEGIS-X.RealMaster - WARNING - ❌ CAMPAIGN INCOMPLETE - Success criteria not met
